<?xml version="1.0" encoding="UTF-8"?>
<!-- Generated by org.testng.reporters.JUnitXMLReporter -->
<testsuite ignored="0" hostname="NOTSVATH-LAPTOP" failures="0" tests="3" name="Surefire test" time="3.098" errors="0" timestamp="2026-04-29T10:53:37 GMT+07:00">
  <testcase classname="ex2.ApiTest" name="testCreateUserOnline" time="1.489"/>
  <testcase classname="ex2.ApiTest" name="testCreateUserOnline" time="0.585"/>
  <testcase classname="ex2.ApiTest" name="testCreateUserOnline" time="0.836"/>
</testsuite> <!-- Surefire test -->
