<?xml version="1.0" encoding="UTF-8"?>
<testsuite xmlns:xsi="http://www.w3.org/2001/XMLSchema-instance" xsi:noNamespaceSchemaLocation="https://maven.apache.org/surefire/maven-surefire-plugin/xsd/surefire-test-report.xsd" version="3.0.2" name="ex2.ApiTest" time="3.307" tests="3" errors="0" skipped="0" failures="0">
  <properties>
[...]
</properties>
  <testcase name="testCreateUserOnline[Thy Vath, Network Designer](1)" classname="ex2.ApiTest" time="1.489">
    <system-err><![CDATA[SLF4J: Failed to load class "org.slf4j.impl.StaticLoggerBinder".
SLF4J: Defaulting to no-operation (NOP) logger implementation
SLF4J: See http://www.slf4j.org/codes.html#StaticLoggerBinder for further details.
]]></system-err>
  </testcase>
  <testcase name="testCreateUserOnline[Sitha, Automation Lead](2)" classname="ex2.ApiTest" time="0.582"/>
  <testcase name="testCreateUserOnline[John Doe, QA Engineer](3)" classname="ex2.ApiTest" time="0.836"/>
</testsuite>