<?xml version="1.0" encoding="UTF-8"?>
<testng-results ignored="0" total="2" passed="2" failed="0" skipped="0">
  <reporter-output>
  </reporter-output>
  <suite started-at="2026-04-30T08:08:23 GMT+07:00" name="Surefire suite" finished-at="2026-04-30T08:08:26 GMT+07:00" duration-ms="3139">
    <groups>
    </groups>
    <test started-at="2026-04-30T08:08:23 GMT+07:00" name="Surefire test" finished-at="2026-04-30T08:08:26 GMT+07:00" duration-ms="3139">
      <class name="ex1.test.LoginTest">
        <test-method is-config="true" signature="setup()[pri:0, instance:ex1.test.LoginTest@240237d2]" started-at="2026-04-30T08:08:23 GMT+07:00" name="setup" finished-at="2026-04-30T08:08:24 GMT+07:00" duration-ms="1470" status="PASS">
          <reporter-output>
          </reporter-output>
        </test-method> <!-- setup -->
        <test-method signature="testUserLogin(java.lang.String,java.lang.String)[pri:0, instance:ex1.test.LoginTest@240237d2]" started-at="2026-04-30T08:08:24 GMT+07:00" name="testUserLogin" data-provider="loginData" finished-at="2026-04-30T08:08:25 GMT+07:00" duration-ms="135" status="PASS">
          <params>
            <param index="0">
              <value>
                <![CDATA[standard_user]]>
              </value>
            </param>
            <param index="1">
              <value>
                <![CDATA[secret_sauce]]>
              </value>
            </param>
          </params>
          <reporter-output>
          </reporter-output>
        </test-method> <!-- testUserLogin -->
        <test-method is-config="true" signature="tearDown()[pri:0, instance:ex1.test.LoginTest@240237d2]" started-at="2026-04-30T08:08:25 GMT+07:00" name="tearDown" finished-at="2026-04-30T08:08:25 GMT+07:00" duration-ms="86" status="PASS">
          <reporter-output>
          </reporter-output>
        </test-method> <!-- tearDown -->
        <test-method is-config="true" signature="setup()[pri:0, instance:ex1.test.LoginTest@240237d2]" started-at="2026-04-30T08:08:25 GMT+07:00" name="setup" finished-at="2026-04-30T08:08:26 GMT+07:00" duration-ms="1203" status="PASS">
          <reporter-output>
          </reporter-output>
        </test-method> <!-- setup -->
        <test-method signature="testUserLogin(java.lang.String,java.lang.String)[pri:0, instance:ex1.test.LoginTest@240237d2]" started-at="2026-04-30T08:08:26 GMT+07:00" name="testUserLogin" data-provider="loginData" finished-at="2026-04-30T08:08:26 GMT+07:00" duration-ms="129" status="PASS">
          <params>
            <param index="0">
              <value>
                <![CDATA[problem_user]]>
              </value>
            </param>
            <param index="1">
              <value>
                <![CDATA[secret_sauce]]>
              </value>
            </param>
          </params>
          <reporter-output>
          </reporter-output>
        </test-method> <!-- testUserLogin -->
        <test-method is-config="true" signature="tearDown()[pri:0, instance:ex1.test.LoginTest@240237d2]" started-at="2026-04-30T08:08:26 GMT+07:00" name="tearDown" finished-at="2026-04-30T08:08:26 GMT+07:00" duration-ms="96" status="PASS">
          <reporter-output>
          </reporter-output>
        </test-method> <!-- tearDown -->
      </class> <!-- ex1.test.LoginTest -->
    </test> <!-- Surefire test -->
  </suite> <!-- Surefire suite -->
</testng-results>
