<?xml version="1.0" encoding="UTF-8"?>
<testsuite xmlns:xsi="http://www.w3.org/2001/XMLSchema-instance" xsi:noNamespaceSchemaLocation="https://maven.apache.org/surefire/maven-surefire-plugin/xsd/surefire-test-report-3.0.xsd" version="3.0" name="ex1.CalculatorTest" time="0.028" tests="3" errors="0" skipped="0" failures="0">
  <properties>
[...]
</properties>
  <testcase name="testDivisionByZero" classname="ex1.CalculatorTest" time="0.013"/>
  <testcase name="testEdgeCases" classname="ex1.CalculatorTest" time="0.0"/>
  <testcase name="testBasicOperations" classname="ex1.CalculatorTest" time="0.0"/>
</testsuite>