<?xml version="1.0" encoding="UTF-8"?>
<testsuite xmlns:xsi="http://www.w3.org/2001/XMLSchema-instance" xsi:noNamespaceSchemaLocation="https://maven.apache.org/surefire/maven-surefire-plugin/xsd/surefire-test-report.xsd" version="3.0.2" name="ex2.test.ApiTest" time="3.599" tests="1" errors="0" skipped="0" failures="0">
  <properties>
[...]
</properties>
  <testcase name="testGetUserAndValidateSchema" classname="ex2.test.ApiTest" time="2.652">
    <system-out><![CDATA[HTTP/1.1 200 OK
Date: Fri, 01 May 2026 04:22:00 GMT
Content-Type: application/json; charset=utf-8
Transfer-Encoding: chunked
Connection: keep-alive
access-control-allow-credentials: true
Cache-Control: max-age=43200
etag: W/"1fd-+2Y3G3w049iSZtw5t1mzSnunngE"
expires: -1
nel: {"report_to":"heroku-nel","response_headers":["Via"],"max_age":3600,"success_fraction":0.01,"failure_fraction":0.1}
pragma: no-cache
report-to: {"group":"heroku-nel","endpoints":[{"url":"https://nel.heroku.com/reports?s=pIwpf4WvwJPdnSftmRNWYokl0c7Ve2QVi1KYQG45LJU%3D\u0026sid=e11707d5-02a7-43ef-b45e-2cf4d2036f7d\u0026ts=1777315052"}],"max_age":3600}
reporting-endpoints: heroku-nel="https://nel.heroku.com/reports?s=pIwpf4WvwJPdnSftmRNWYokl0c7Ve2QVi1KYQG45LJU%3D&sid=e11707d5-02a7-43ef-b45e-2cf4d2036f7d&ts=1777315052"
Server: cloudflare
vary: Origin, Accept-Encoding
via: 2.0 heroku-router
x-content-type-options: nosniff
x-powered-by: Express
x-ratelimit-limit: 1000
x-ratelimit-remaining: 999
x-ratelimit-reset: 1777315109
Age: 6182
cf-cache-status: HIT
Content-Encoding: gzip
CF-RAY: 9f4c00ab1b6b7e32-SIN
alt-svc: h3=":443"; ma=86400

{
    "id": 1,
    "name": "Leanne Graham",
    "username": "Bret",
    "email": "Sincere@april.biz",
    "address": {
        "street": "Kulas Light",
        "suite": "Apt. 556",
        "city": "Gwenborough",
        "zipcode": "92998-3874",
        "geo": {
            "lat": "-37.3159",
            "lng": "81.1496"
        }
    },
    "phone": "1-770-736-8031 x56442",
    "website": "hildegard.org",
    "company": {
        "name": "Romaguera-Crona",
        "catchPhrase": "Multi-layered client-server neural-net",
        "bs": "harness real-time e-markets"
    }
}
API Test Passed: Data and Schema are valid!
]]></system-out>
    <system-err><![CDATA[SLF4J: Failed to load class "org.slf4j.impl.StaticLoggerBinder".
SLF4J: Defaulting to no-operation (NOP) logger implementation
SLF4J: See http://www.slf4j.org/codes.html#StaticLoggerBinder for further details.
]]></system-err>
  </testcase>
</testsuite>