<?xml version="1.0" encoding="UTF-8"?>
<!-- Generated by org.testng.reporters.JUnitReportReporter -->
<testsuite hostname="NOTSVATH-LAPTOP" failures="0" tests="3" name="ex2.ApiTest" time="2.910" errors="0" timestamp="2026-04-29T10:53:37 GMT+07:00" skipped="0">
  <testcase classname="ex2.ApiTest" name="testCreateUserOnline" time="0.585"/>
  <testcase classname="ex2.ApiTest" name="testCreateUserOnline" time="0.836"/>
  <testcase classname="ex2.ApiTest" name="testCreateUserOnline" time="1.489"/>
</testsuite> <!-- ex2.ApiTest -->
