<?xml version="1.0" encoding="UTF-8"?>
<!-- Generated by org.testng.reporters.JUnitReportReporter -->
<testsuite hostname="NOTSVATH-LAPTOP" failures="0" tests="3" name="ex2.ApiTest" time="3.240" errors="0" timestamp="2026-04-30T08:01:26 GMT+07:00" skipped="0">
  <testcase classname="ex2.ApiTest" name="testCreateUserOnline" time="0.701"/>
  <testcase classname="ex2.ApiTest" name="testCreateUserOnline" time="0.747"/>
  <testcase classname="ex2.ApiTest" name="testCreateUserOnline" time="1.792"/>
</testsuite> <!-- ex2.ApiTest -->
